<?xml version="1.0" encoding="UTF-8"?>
<testsuite name="TestSuite" time="11.033" tests="8" errors="0" skipped="0" failures="0">
  <properties>
    <property name="java.runtime.name" value="Java(TM) SE Runtime Environment"/>
    <property name="java.vm.version" value="17.0.7+8-LTS-224"/>
    <property name="sun.boot.library.path" value="C:\Program Files\Java\jdk-17\bin"/>
    <property name="maven.multiModuleProjectDirectory" value="D:\Sanjiv_QA\Eclipse Project\Swagger_API_Store_ModuleProject"/>
    <property name="java.vm.vendor" value="Oracle Corporation"/>
    <property name="java.vendor.url" value="https://java.oracle.com/"/>
    <property name="guice.disable.misplaced.annotation.check" value="true"/>
    <property name="path.separator" value=";"/>
    <property name="java.vm.name" value="Java HotSpot(TM) 64-Bit Server VM"/>
    <property name="sun.os.patch.level" value=""/>
    <property name="user.script" value=""/>
    <property name="user.country" value="IN"/>
    <property name="sun.java.launcher" value="SUN_STANDARD"/>
    <property name="java.vm.specification.name" value="Java Virtual Machine Specification"/>
    <property name="user.dir" value="D:\Sanjiv_QA\Eclipse Project\Swagger_API_Store_ModuleProject"/>
    <property name="java.vm.compressedOopsMode" value="32-bit"/>
    <property name="java.runtime.version" value="17.0.7+8-LTS-224"/>
    <property name="os.arch" value="amd64"/>
    <property name="java.io.tmpdir" value="C:\Users\JKL-MA~1\AppData\Local\Temp\"/>
    <property name="line.separator" value="&#10;"/>
    <property name="java.vm.specification.vendor" value="Oracle Corporation"/>
    <property name="user.variant" value=""/>
    <property name="os.name" value="Windows 11"/>
    <property name="classworlds.conf" value="C:\Users\JKL-Maulik\Maven\apache-maven-3.9.2\bin\m2.conf"/>
    <property name="sun.jnu.encoding" value="Cp1252"/>
    <property name="java.library.path" value="C:\Program Files\Java\jdk-17\bin;C:\WINDOWS\Sun\Java\bin;C:\WINDOWS\system32;C:\WINDOWS;C:\Program Files\Common Files\Oracle\Java\javapath;C:\Python310\Scripts\;C:\Python310\;C:\Windows\system32;C:\Windows;C:\Windows\System32\Wbem;C:\Windows\System32\WindowsPowerShell\v1.0\;C:\Windows\System32\OpenSSH\;C:\ProgramData\chocolatey\bin;C:\Program Files\Microsoft SQL Server\150\Tools\Binn\;C:\Program Files\Microsoft SQL Server\Client SDK\ODBC\170\Tools\Binn\;C:\Program Files (x86)\Microsoft SQL Server\150\DTS\Binn\;C:\Program Files\Azure Data Studio\bin;C:\WINDOWS\system32;C:\WINDOWS;C:\WINDOWS\System32\Wbem;C:\WINDOWS\System32\WindowsPowerShell\v1.0\;C:\WINDOWS\System32\OpenSSH\;C:\Program Files\Git\cmd;C:\Program Files (x86)\Microsoft SQL Server\150\Tools\Binn\;C:\Program Files\Microsoft SQL Server\150\DTS\Binn\;C:\Program Files\Amazon\AWSCLIV2\;C:\Program Files\nodejs\;C:\WINDOWS\system32;C:\WINDOWS;C:\WINDOWS\System32\Wbem;C:\WINDOWS\System32\WindowsPowerShell\v1.0\;C:\WINDOWS\System32\OpenSSH\;C:\Program Files\dotnet\;C:\Users\Public\QA\Spring boot File upload and download\spring-boot-file-upload-download-rest-api-master\target;C:\Program Files\Java\jdk-17;C:\Program Files\Java\jdk-17\bin\bin;C:\Users\JKL-Maulik\Maven\apache-maven-3.9.2\bin;C:\Program Files\MySQL\MySQL Shell 8.0\bin\;C:\Users\JKL-Maulik\AppData\Local\Microsoft\WindowsApps;C:\Users\JKL-Maulik\AppData\Local\Programs\Microsoft VS Code\bin;C:\Program Files\Azure Data Studio\bin;C:\Users\JKL-Maulik\AppData\Roaming\npm;C:\Users\JKL-Maulik\.dotnet\tools;C:\Users\JKL-Maulik\Maven\apache-maven-3.9.2\bin;C:\Users\JKL-Maulik\Maven\apache-maven-3.9.2;C:\Users\JKL-Maulik\Maven\apache-maven-3.9.2;C:\Users\JKL-Maulik\Maven\apache-maven-3.9.2\bin\bin;C:\Program Files\Java\jdk-17;C:\Program Files\Java\jdk-17\bin\bin;;."/>
    <property name="maven.conf" value="C:\Users\JKL-Maulik\Maven\apache-maven-3.9.2/conf"/>
    <property name="jdk.debug" value="release"/>
    <property name="java.class.version" value="61.0"/>
    <property name="java.specification.name" value="Java Platform API Specification"/>
    <property name="sun.management.compiler" value="HotSpot 64-Bit Tiered Compilers"/>
    <property name="os.version" value="10.0"/>
    <property name="library.jansi.path" value="C:\Users\JKL-Maulik\Maven\apache-maven-3.9.2\lib\jansi-native"/>
    <property name="user.home" value="C:\Users\JKL-Maulik"/>
    <property name="user.timezone" value="Asia/Calcutta"/>
    <property name="file.encoding" value="Cp1252"/>
    <property name="java.specification.version" value="17"/>
    <property name="user.name" value="JKL-Maulik"/>
    <property name="java.class.path" value="C:\Users\JKL-Maulik\Maven\apache-maven-3.9.2\boot\plexus-classworlds-2.7.0.jar"/>
    <property name="java.vm.specification.version" value="17"/>
    <property name="sun.arch.data.model" value="64"/>
    <property name="sun.java.command" value="org.codehaus.plexus.classworlds.launcher.Launcher clean install"/>
    <property name="java.home" value="C:\Program Files\Java\jdk-17"/>
    <property name="user.language" value="en"/>
    <property name="java.specification.vendor" value="Oracle Corporation"/>
    <property name="java.vm.info" value="mixed mode, sharing"/>
    <property name="java.version" value="17.0.7"/>
    <property name="native.encoding" value="Cp1252"/>
    <property name="java.vendor" value="Oracle Corporation"/>
    <property name="sun.stderr.encoding" value="cp437"/>
    <property name="maven.home" value="C:\Users\JKL-Maulik\Maven\apache-maven-3.9.2"/>
    <property name="file.separator" value="\"/>
    <property name="java.version.date" value="2023-04-18"/>
    <property name="java.vendor.url.bug" value="https://bugreport.java.com/bugreport/"/>
    <property name="sun.io.unicode.encoding" value="UnicodeLittle"/>
    <property name="sun.cpu.endian" value="little"/>
    <property name="sun.stdout.encoding" value="cp437"/>
    <property name="sun.cpu.isalist" value="amd64"/>
  </properties>
  <testcase name="test_CreateOrder" classname="swagger.api.store.test.StoreTest_From_PropertiesFiles" time="3.122"/>
  <testcase name="test_FindOrdersById" classname="swagger.api.store.test.StoreTest_From_PropertiesFiles" time="1.094"/>
  <testcase name="test_InventoryDetails" classname="swagger.api.store.test.StoreTest_From_PropertiesFiles" time="1.236"/>
  <testcase name="test_DeteleOrders" classname="swagger.api.store.test.StoreTest_From_PropertiesFiles" time="1.068"/>
  <testcase name="test_CreateOrder" classname="swagger.api.store.test.StoreTest" time="1.225"/>
  <testcase name="test_FindOrdersById" classname="swagger.api.store.test.StoreTest" time="1.112"/>
  <testcase name="test_InventoryDetails" classname="swagger.api.store.test.StoreTest" time="1.031"/>
  <testcase name="test_DeteleOrders" classname="swagger.api.store.test.StoreTest" time="1.145"/>
</testsuite>