<?xml version="1.0" encoding="UTF-8"?>
<!-- Generated by org.testng.reporters.JUnitReportReporter -->
<testsuite hostname="DESKTOP-7AKMRUB" failures="0" tests="4" name="swagger.api.store.test.StoreTest_From_PropertiesFiles" time="6.691" errors="0" timestamp="2023-06-28T13:02:11 IST" skipped="0">
  <testcase classname="swagger.api.store.test.StoreTest_From_PropertiesFiles" name="test_CreateOrder" time="2.956"/>
  <testcase classname="swagger.api.store.test.StoreTest_From_PropertiesFiles" name="test_FindOrdersById" time="1.163"/>
  <testcase classname="swagger.api.store.test.StoreTest_From_PropertiesFiles" name="test_InventoryDetails" time="1.244"/>
  <testcase classname="swagger.api.store.test.StoreTest_From_PropertiesFiles" name="test_DeteleOrders" time="1.328"/>
</testsuite> <!-- swagger.api.store.test.StoreTest_From_PropertiesFiles -->
