<?xml version="1.0" encoding="UTF-8"?>
<!-- Generated by org.testng.reporters.JUnitReportReporter -->
<testsuite hostname="DESKTOP-7AKMRUB" failures="0" tests="4" name="swagger.api.store.test.StoreTest" time="4.699" errors="0" timestamp="2023-06-28T13:02:11 IST" skipped="0">
  <testcase classname="swagger.api.store.test.StoreTest" name="test_CreateOrder" time="1.187"/>
  <testcase classname="swagger.api.store.test.StoreTest" name="test_FindOrdersById" time="1.164"/>
  <testcase classname="swagger.api.store.test.StoreTest" name="test_InventoryDetails" time="1.152"/>
  <testcase classname="swagger.api.store.test.StoreTest" name="test_DeteleOrders" time="1.196"/>
</testsuite> <!-- swagger.api.store.test.StoreTest -->
