<?xml version="1.0" encoding="UTF-8"?>
<!-- Generated by org.testng.reporters.JUnitReportReporter -->
<testsuite hostname="DESKTOP-7AKMRUB" failures="0" tests="4" name="swagger.api.store.test.StoreTest" time="4.494" errors="0" timestamp="2023-06-29T09:52:11 IST" skipped="0">
  <testcase classname="swagger.api.store.test.StoreTest" name="test_CreateOrder" time="1.223"/>
  <testcase classname="swagger.api.store.test.StoreTest" name="test_FindOrdersById" time="1.115"/>
  <testcase classname="swagger.api.store.test.StoreTest" name="test_InventoryDetails" time="1.028"/>
  <testcase classname="swagger.api.store.test.StoreTest" name="test_DeteleOrders" time="1.128"/>
</testsuite> <!-- swagger.api.store.test.StoreTest -->
